2026-07-18 11:19:29,373 [INFO] (MarketDataSync) Initializing combined stocks and options synchronization pipeline...
2026-07-18 11:19:29,697 [INFO] (MarketDataSync) Starting synchronization of STOCKS market data...
2026-07-18 11:19:29,697 [INFO] (MarketDataSync) [STOCKS] Downloading and parsing 2026-07-17.csv.gz directly to memory...
2026-07-18 11:19:30,417 [INFO] (MarketDataSync) [STOCKS] Successfully saved to: data/stocks/year=2026/month=07/daily_20260717.parquet
2026-07-18 11:19:30,417 [INFO] (MarketDataSync) [STOCKS] Downloading and parsing 2026-07-16.csv.gz directly to memory...
2026-07-18 11:19:30,607 [INFO] (MarketDataSync) [STOCKS] Successfully saved to: data/stocks/year=2026/month=07/daily_20260716.parquet
2026-07-18 11:19:30,608 [INFO] (MarketDataSync) [STOCKS] Downloading and parsing 2026-07-15.csv.gz directly to memory...
2026-07-18 11:19:30,793 [INFO] (MarketDataSync) [STOCKS] Successfully saved to: data/stocks/year=2026/month=07/daily_20260715.parquet
2026-07-18 11:19:30,793 [INFO] (MarketDataSync) [STOCKS] Downloading and parsing 2026-07-14.csv.gz directly to memory...
2026-07-18 11:19:30,986 [INFO] (MarketDataSync) [STOCKS] Successfully saved to: data/stocks/year=2026/month=07/daily_20260714.parquet
2026-07-18 11:19:30,987 [INFO] (MarketDataSync) [STOCKS] Parquet file already exists locally: daily_20260713.parquet. Skipping S3 query.
2026-07-18 11:19:30,987 [INFO] (MarketDataSync) [STOCKS] Downloading and parsing 2026-07-12.csv.gz directly to memory...
2026-07-18 11:19:31,067 [ERROR] (MarketDataSync) [STOCKS] S3 Client Error for 2026-07-12: An error occurred (NoSuchKey) when calling the GetObject operation: None
2026-07-18 11:19:31,067 [INFO] (MarketDataSync) [STOCKS] Downloading and parsing 2026-07-11.csv.gz directly to memory...
2026-07-18 11:19:31,143 [ERROR] (MarketDataSync) [STOCKS] S3 Client Error for 2026-07-11: An error occurred (NoSuchKey) when calling the GetObject operation: None
2026-07-18 11:19:31,143 [INFO] (MarketDataSync) [STOCKS] Parquet file already exists locally: daily_20260710.parquet. Skipping S3 query.
2026-07-18 11:19:31,144 [INFO] (MarketDataSync) [STOCKS] Parquet file already exists locally: daily_20260709.parquet. Skipping S3 query.
2026-07-18 11:19:31,144 [INFO] (MarketDataSync) [STOCKS] Parquet file already exists locally: daily_20260708.parquet. Skipping S3 query.
2026-07-18 11:19:31,144 [INFO] (MarketDataSync) [STOCKS] Parquet file already exists locally: daily_20260707.parquet. Skipping S3 query.
2026-07-18 11:19:31,144 [INFO] (MarketDataSync) [STOCKS] Parquet file already exists locally: daily_20260706.parquet. Skipping S3 query.
2026-07-18 11:19:31,144 [INFO] (MarketDataSync) [STOCKS] Downloading and parsing 2026-07-05.csv.gz directly to memory...
2026-07-18 11:19:31,300 [ERROR] (MarketDataSync) [STOCKS] S3 Client Error for 2026-07-05: An error occurred (NoSuchKey) when calling the GetObject operation: None
2026-07-18 11:19:31,300 [INFO] (MarketDataSync) [STOCKS] Downloading and parsing 2026-07-04.csv.gz directly to memory...
2026-07-18 11:19:31,397 [ERROR] (MarketDataSync) [STOCKS] S3 Client Error for 2026-07-04: An error occurred (NoSuchKey) when calling the GetObject operation: None
2026-07-18 11:19:31,397 [INFO] (MarketDataSync) Starting synchronization of OPTIONS market data...
2026-07-18 11:19:31,400 [INFO] (MarketDataSync) [OPTIONS] Downloading and parsing 2026-07-17.csv.gz directly to memory...
2026-07-18 11:19:31,482 [ERROR] (MarketDataSync) [OPTIONS] S3 Client Error for 2026-07-17: An error occurred (NoSuchKey) when calling the GetObject operation: None
2026-07-18 11:19:31,483 [INFO] (MarketDataSync) [OPTIONS] Downloading and parsing 2026-07-16.csv.gz directly to memory...
2026-07-18 11:19:32,831 [INFO] (MarketDataSync) [OPTIONS] Successfully saved to: data/options/year=2026/month=07/daily_20260716.parquet
2026-07-18 11:19:32,832 [INFO] (MarketDataSync) [OPTIONS] Downloading and parsing 2026-07-15.csv.gz directly to memory...
2026-07-18 11:19:34,054 [INFO] (MarketDataSync) [OPTIONS] Successfully saved to: data/options/year=2026/month=07/daily_20260715.parquet
2026-07-18 11:19:34,054 [INFO] (MarketDataSync) [OPTIONS] Downloading and parsing 2026-07-14.csv.gz directly to memory...
2026-07-18 11:19:35,282 [INFO] (MarketDataSync) [OPTIONS] Successfully saved to: data/options/year=2026/month=07/daily_20260714.parquet
2026-07-18 11:19:35,282 [INFO] (MarketDataSync) [OPTIONS] Parquet file already exists locally: daily_20260713.parquet. Skipping S3 query.
2026-07-18 11:19:35,282 [INFO] (MarketDataSync) [OPTIONS] Downloading and parsing 2026-07-12.csv.gz directly to memory...
2026-07-18 11:19:35,366 [ERROR] (MarketDataSync) [OPTIONS] S3 Client Error for 2026-07-12: An error occurred (NoSuchKey) when calling the GetObject operation: None
2026-07-18 11:19:35,367 [INFO] (MarketDataSync) [OPTIONS] Downloading and parsing 2026-07-11.csv.gz directly to memory...
2026-07-18 11:19:35,442 [ERROR] (MarketDataSync) [OPTIONS] S3 Client Error for 2026-07-11: An error occurred (NoSuchKey) when calling the GetObject operation: None
2026-07-18 11:19:35,442 [INFO] (MarketDataSync) [OPTIONS] Parquet file already exists locally: daily_20260710.parquet. Skipping S3 query.
2026-07-18 11:19:35,442 [INFO] (MarketDataSync) [OPTIONS] Parquet file already exists locally: daily_20260709.parquet. Skipping S3 query.
2026-07-18 11:19:35,443 [INFO] (MarketDataSync) [OPTIONS] Parquet file already exists locally: daily_20260708.parquet. Skipping S3 query.
2026-07-18 11:19:35,443 [INFO] (MarketDataSync) [OPTIONS] Parquet file already exists locally: daily_20260707.parquet. Skipping S3 query.
2026-07-18 11:19:35,443 [INFO] (MarketDataSync) [OPTIONS] Parquet file already exists locally: daily_20260706.parquet. Skipping S3 query.
2026-07-18 11:19:35,443 [INFO] (MarketDataSync) [OPTIONS] Downloading and parsing 2026-07-05.csv.gz directly to memory...
2026-07-18 11:19:35,522 [ERROR] (MarketDataSync) [OPTIONS] S3 Client Error for 2026-07-05: An error occurred (NoSuchKey) when calling the GetObject operation: None
2026-07-18 11:19:35,523 [INFO] (MarketDataSync) [OPTIONS] Downloading and parsing 2026-07-04.csv.gz directly to memory...
2026-07-18 11:19:35,616 [ERROR] (MarketDataSync) [OPTIONS] S3 Client Error for 2026-07-04: An error occurred (NoSuchKey) when calling the GetObject operation: None
2026-07-18 11:19:35,617 [INFO] (MarketDataSync) Sync report successfully compiled at: logs/sync_report_2026-07-18.txt
2026-07-18 11:19:35,625 [INFO] (MarketDataSync) Market data pipeline execution completed successfully.
